[www.timoradventures.com.au/index.html]
[backblue.gif]
[fade.gif]
[index.html]
[www.timoradventures.com.au/feed/index.html]
[www.timoradventures.com.au/feed/atom/index.html]
[www.timoradventures.com.au/wp-content/themes/timor/favicon.1.delayed]
[www.timoradventures.com.au/wp-content/themes/timor/style.css]
[www.timoradventures.com.au/wp-content/themes/timor/scripts/prettyPhoto.css]
[www.timoradventures.com.au/wp-content/themes/timor/scripts/nivo-slider.css]
[www.timoradventures.com.au/wp-includes/css/dist/block-library/style.min1eb7.css]
[www.timoradventures.com.au/wp-content/plugins/contact-form-7/includes/css/styles77e1.css]
[www.timoradventures.com.au/wp-content/plugins/youtube-embed/css/main.min2513.css]
[www.timoradventures.com.au/wp-content/plugins/slickr-flickr/styles/public1102.css]
[www.timoradventures.com.au/comments/feed/index.html]
[www.timoradventures.com.au/wp-content/plugins/slickr-flickr/galleria/themes/classic/galleria.classic51a2.css]
[www.timoradventures.com.au/wp-content/plugins/easy-table/themes/default/style4b1d.css]
[www.timoradventures.com.au/wp-includes/js/jquery/jquery-migrate.mind617.js]
[www.timoradventures.com.au/wp-includes/js/jquery/jquery.minaf6c.js]
[www.timoradventures.com.au/wp-content/plugins/slickr-flickr/galleria/galleria-1.6.1.min51a2.js]
[www.timoradventures.com.au/wp-content/plugins/slickr-flickr/galleria/themes/classic/galleria.classic.min51a2.js]
[www.timoradventures.com.au/wp-content/plugins/slickr-flickr/scripts/responsiveslides.min2602.js]
[www.timoradventures.com.au/wp-content/plugins/slickr-flickr/scripts/public1102.js]
[cdnjs.cloudflare.com/ajax/libs/jquery-easing/1.4.1/jquery.easing.min1eb7.js]
[www.timoradventures.com.au/wp-json/index.html]
[www.timoradventures.com.au/wp-json/wp/v2/pages/256.json]
[www.timoradventures.com.au/wp-includes/wlwmanifest.xml]
[www.timoradventures.com.au/wp-json/oembed/1.0/embedfd97.json]
[www.timoradventures.com.au/wp-json/oembed/1.0/embedb308]
[connect.facebook.net/en_US/fbevents.js]
[www.timoradventures.com.au/wp-content/plugins/wp-spamshield/js/jscripts.php]
[www.timoradventures.com.au/wp-content/themes/timor/images/logo.png]
[www.timoradventures.com.au/wp-content/themes/timor/images/search_mag.png]
[www.timoradventures.com.au/wp-content/uploads/2017/09/Expert-local-guides-2.jpg]
[www.timoradventures.com.au/wp-content/uploads/2000/11/1942-Commando-Track-banner.jpg]
[www.timoradventures.com.au/wp-content/uploads/2017/09/Maubara-timor-V3.jpg]
[www.timoradventures.com.au/wp-content/uploads/2000/11/Logo-10-years-Banner-for-website-V4.jpg]
[www.timoradventures.com.au/wp-content/uploads/2010/03/Find-us-on-Facebook.png]
[www.timoradventures.com.au/wp-content/uploads/2010/03/TripAdvisor-Timor-Adventures.gif]
[www.timoradventures.com.au/tours/index.html]
[www.timoradventures.com.au/wp-content/uploads/2020/02/Logo-10-years-Banner-for-website-small.jpg]
[www.timoradventures.com.au/our-tours-since-2009/index.html]
[www.timoradventures.com.au/wp-content/uploads/2020/01/TripAdvisor-certifcate-of-excellence-2018-2019.jpg]
[www.timoradventures.com.au/tours/day-tours/index.html]
[www.timoradventures.com.au/wp-content/themes/timor/scripts/scripts.js]
[www.timoradventures.com.au/about-2/index.html]
[www.timoradventures.com.au/about-2/our-community-work-in-east-timor/index.html]
[www.timoradventures.com.au/wp-content/themes/timor/scripts/jquery.nivo.slider.pack.js]
[www.timoradventures.com.au/wp-content/plugins/contact-form-7/includes/swv/js/index77e1.js]
[www.timoradventures.com.au/wp-content/plugins/contact-form-7/includes/js/index77e1.js]
[www.timoradventures.com.au/east-timor/index.html]
[www.timoradventures.com.au/visit/index.html]
[www.timoradventures.com.au/wp-content/plugins/wp-spamshield/js/jscripts-ftr-min.js]
[www.timoradventures.com.au/index.html]
[www.timoradventures.com.au/timor-quilts/index.html]
[www.timoradventures.com.au/xmlrpc.html]
[www.timoradventures.com.au/wp-content/themes/timor/favicon.html]
[www.timoradventures.com.au/gallery/index.html]
[www.timoradventures.com.au/wp-content/themes/timor/fonts/adellebasic_bold-webfont.eot]
[www.timoradventures.com.au/wp-content/themes/timor/fonts/adellebasic_bold-webfontd41d.eot]
[www.timoradventures.com.au/wp-content/themes/timor/fonts/adellebasic_bold-webfont.woff]
[www.timoradventures.com.au/sitemap/index.html]
[www.timoradventures.com.au/contact/index.html]
[www.timoradventures.com.au/wp-content/themes/timor/fonts/adellebasic_bold-webfont.ttf]
[www.timoradventures.com.au/wp-content/themes/timor/images/header.png]
[www.timoradventures.com.au/wp-content/themes/timor/images/life.png]
[www.timoradventures.com.au/wp-content/themes/timor/images/tagline_divider.png]
[www.timoradventures.com.au/wp-content/themes/timor/images/alert_bg.png]
[www.timoradventures.com.au/wp-content/themes/timor/images/top.png]
[www.timoradventures.com.au/wp-content/themes/timor/images/sponsor_tile.jpg]
[www.timoradventures.com.au/wp-content/themes/timor/images/sponsor_title.png]
[www.timoradventures.com.au/wp-content/themes/timor/images/sponsor_arrows.png]
[www.timoradventures.com.au/wp-content/themes/timor/images/sliderimg_bg.png]
[www.timoradventures.com.au/wp-content/themes/timor/images/arrows.png]
[www.timoradventures.com.au/wp-content/themes/timor/images/donate.png]
[www.timoradventures.com.au/wp-content/themes/timor/images/indicator.png]
[www.timoradventures.com.au/wp-content/themes/timor/images/search_bg.png]
[www.timoradventures.com.au/wp-content/themes/timor/images/ticker.png]
[www.timoradventures.com.au/wp-content/themes/timor/style.css]
[www.timoradventures.com.au/wp-content/themes/timor/images/prettyPhoto/default/sprite.png]
[www.timoradventures.com.au/wp-content/themes/timor/images/prettyPhoto/default/sprite_x.png]
[www.timoradventures.com.au/wp-content/themes/timor/images/prettyPhoto/default/sprite_y.png]
[www.timoradventures.com.au/wp-content/themes/timor/images/prettyPhoto/default/sprite_next.png]
[www.timoradventures.com.au/wp-content/themes/timor/images/prettyPhoto/default/sprite_prev.png]
[www.timoradventures.com.au/wp-content/themes/timor/images/prettyPhoto/default/default_thumb.png]
[www.timoradventures.com.au/wp-content/themes/timor/images/prettyPhoto/default/loader.gif]
[www.timoradventures.com.au/wp-content/themes/timor/images/prettyPhoto/light_rounded/sprite.png]
[www.timoradventures.com.au/wp-content/themes/timor/images/prettyPhoto/light_rounded/btnNext.png]
[www.timoradventures.com.au/wp-content/themes/timor/images/prettyPhoto/light_rounded/btnPrevious.png]
[www.timoradventures.com.au/wp-content/themes/timor/images/prettyPhoto/dark_rounded/sprite.png]
[www.timoradventures.com.au/wp-content/themes/timor/images/prettyPhoto/dark_rounded/contentPattern.png]
[www.timoradventures.com.au/wp-content/themes/timor/images/prettyPhoto/dark_rounded/btnNext.png]
[www.timoradventures.com.au/wp-content/themes/timor/images/prettyPhoto/dark_rounded/btnPrevious.png]
[www.timoradventures.com.au/wp-content/themes/timor/images/prettyPhoto/dark_rounded/loader.gif]
[www.timoradventures.com.au/wp-content/themes/timor/images/prettyPhoto/dark_square/loader.gif]
[www.timoradventures.com.au/wp-content/themes/timor/images/prettyPhoto/dark_square/sprite.png]
[www.timoradventures.com.au/wp-content/themes/timor/images/prettyPhoto/dark_square/btnNext.png]
[www.timoradventures.com.au/wp-content/themes/timor/images/prettyPhoto/dark_square/btnPrevious.png]
[www.timoradventures.com.au/wp-content/themes/timor/images/prettyPhoto/light_square/sprite.png]
[www.timoradventures.com.au/wp-content/themes/timor/images/prettyPhoto/light_square/btnNext.png]
[www.timoradventures.com.au/wp-content/themes/timor/images/prettyPhoto/light_square/btnPrevious.png]
[www.timoradventures.com.au/wp-content/themes/timor/images/prettyPhoto/facebook/sprite.png]
[www.timoradventures.com.au/wp-content/themes/timor/images/prettyPhoto/facebook/contentPatternTop.png]
[www.timoradventures.com.au/wp-content/themes/timor/images/prettyPhoto/facebook/contentPatternLeft.png]
[www.timoradventures.com.au/wp-content/themes/timor/images/prettyPhoto/facebook/contentPatternRight.png]
[www.timoradventures.com.au/wp-content/themes/timor/images/prettyPhoto/facebook/loader.gif]
[www.timoradventures.com.au/wp-content/themes/timor/images/prettyPhoto/facebook/btnNext.png]
[www.timoradventures.com.au/wp-content/themes/timor/images/prettyPhoto/facebook/btnPrevious.png]
[www.timoradventures.com.au/wp-content/themes/timor/images/prettyPhoto/facebook/contentPatternBottom.png]
[www.timoradventures.com.au/wp-content/themes/timor/images/prettyPhoto/facebook/default_thumbnail.gif]
[www.timoradventures.com.au/wp-content/themes/timor/images/prettyPhoto/light_rounded/loader.gif]
[www.timoradventures.com.au/wp-content/themes/timor/scripts/prettyPhoto.css]
[www.timoradventures.com.au/wp-content/themes/timor/images/loading.gif]
[www.timoradventures.com.au/wp-content/themes/timor/images/bullets.png]
[www.timoradventures.com.au/wp-content/themes/timor/scripts/nivo-slider.css]
[www.timoradventures.com.au/wp-includes/css/dist/block-library/style.min1eb7.css]
[www.timoradventures.com.au/wp-content/plugins/contact-form-7/includes/css/styles77e1.css]
[www.timoradventures.com.au/wp-content/plugins/youtube-embed/css/main.min2513.css]
[www.timoradventures.com.au/wp-content/plugins/slickr-flickr/styles/public1102.css]
[www.timoradventures.com.au/wp-content/plugins/slickr-flickr/galleria/themes/classic/galleria.classic51a2.css]
[www.timoradventures.com.au/wp-content/plugins/easy-table/css/easy-table.css]
[www.timoradventures.com.au/wp-content/plugins/easy-table/themes/default/style4b1d.css]
[www.timoradventures.com.au/xmlrpc0db0.html]
[www.timoradventures.com.au/c]
[www.timoradventures.com.au/b]
[www.timoradventures.com.au/commando-track-reports/index.html]
[www.timoradventures.com.au/batuguade-races/index.html]
[www.timoradventures.com.au/POST]
[connect.facebook.net/en_US/fbevents.js]
[www.timoradventures.com.au/wp-json/wp/v2/pages/47.json]
[www.timoradventures.com.au/wp-json/oembed/1.0/embed1201.json]
[www.timoradventures.com.au/indexcb30.html]
[www.timoradventures.com.au/wp-json/oembed/1.0/embedc601]
[www.timoradventures.com.au/wp-content/uploads/2010/02/hills-are-alive.png]
[www.timoradventures.com.au/wp-content/uploads/2010/02/hills-are-alive-300x169.png]
[www.timoradventures.com.au/wp-content/uploads/2010/02/Bikes-at-the-Pousada.png]
[www.timoradventures.com.au/wp-content/uploads/2010/02/Bikes-at-the-Pousada-300x199.png]
[www.timoradventures.com.au/tours/index.html]
[www.timoradventures.com.au/wp-json/wp/v2/pages/15757.json]
[www.timoradventures.com.au/wp-json/oembed/1.0/embedb1e1.json]
[www.timoradventures.com.au/indexb8b4.html]
[www.timoradventures.com.au/wp-json/oembed/1.0/embedfe31]
[www.timoradventures.com.au/wp-content/uploads/2019/07/1942-Commando-Track.jpg]
[www.timoradventures.com.au/1942commandotrack/index.html]
[www.timoradventures.com.au/half-day-dili-highlights-tour/ d41d]
[www.timoradventures.com.au/wp-content/uploads/2010/03/Half-day-and-full-day-tours-Timor.jpg]
[www.timoradventures.com.au/half-day-dili-highlights-tour/index.html]
[www.timoradventures.com.au/wp-content/uploads/2010/03/About-us.jpg]
[www.timoradventures.com.au/wp-content/uploads/2010/03/Womens-tour-Timor.jpg]
[www.timoradventures.com.au/wp-content/uploads/2010/03/Cruise-ships-Dili-tours.jpg]
[www.timoradventures.com.au/sitemap/womens-tour/index.html]
[www.timoradventures.com.au/po-cruises-to-dili-timor-leste/index.html]
[www.timoradventures.com.au/wp-content/uploads/2019/04/Guided-Motorcycle-Timor-Adventures.jpg]
[www.timoradventures.com.au/wp-content/uploads/2010/03/Light-up-Timor.jpg]
[www.timoradventures.com.au/tours/motorcycle-tours/index.html]
[www.timoradventures.com.au/wp-content/uploads/2010/03/Community-and-cultural-tour-Timor.jpg]
[www.timoradventures.com.au/tours/light-up-timor-leste/index.html]
[www.timoradventures.com.au/wp-content/uploads/2018/04/Taste-of-Timor-short-tour-package-new.jpg]
[www.timoradventures.com.au/our-tours-since-2009/index.html]
[www.timoradventures.com.au/tours/itinerary/index.html]
[www.timoradventures.com.au/timor-leste-tour-packages/index.html]
[www.timoradventures.com.au/wp-json/wp/v2/pages/1682.json]
[www.timoradventures.com.au/wp-json/oembed/1.0/embed50a2.json]
[www.timoradventures.com.au/indexbab4.html]
[www.timoradventures.com.au/wp-json/oembed/1.0/embedf188]
[www.timoradventures.com.au/wp-content/uploads/2014/01/Half-day-tour-side-bar-new.gif]
[www.timoradventures.com.au/wp-content/uploads/2014/01/Book-now-button-png.png]
[www.timoradventures.com.au/tours/day-tours/index.html]
[www.timoradventures.com.au/wp-json/wp/v2/pages/171.json]
[www.timoradventures.com.au/wp-json/oembed/1.0/embed7dc8.json]
[www.timoradventures.com.au/indexa828.html]
[www.timoradventures.com.au/wp-json/oembed/1.0/embedd75b]
[www.timoradventures.com.au/wp-content/uploads/2010/02/About-us.jpg]
[www.timoradventures.com.au/wp-content/uploads/2010/02/Dave-and-Shirley.jpg]
[www.timoradventures.com.au/wp-content/uploads/2010/02/Dave-and-Shirley-225x300.jpg]
[www.timoradventures.com.au/wp-content/uploads/2010/02/Julio-and-Shirley-s-small.jpg]
[www.timoradventures.com.au/about-2/index.html]
[www.timoradventures.com.au/wp-json/wp/v2/pages/1053.json]
[www.timoradventures.com.au/wp-json/oembed/1.0/embed32f5.json]
[www.timoradventures.com.au/index6c4a.html]
[www.timoradventures.com.au/wp-json/oembed/1.0/embeda4b6]
[www.timoradventures.com.au/wp-content/uploads/2011/09/Auror-Timor-handover-at-Alo.png]
[www.timoradventures.com.au/wp-content/uploads/2011/09/Auror-Timor-handover-at-Alo-300x225.png]
[www.timoradventures.com.au/wp-content/uploads/2011/09/Loi-Huna-school.jpg]
[www.timoradventures.com.au/wp-content/uploads/2011/09/Loi-Huna-school-300x199.jpg]
[www.timoradventures.com.au/wp-content/uploads/2011/09/copier.jpg]
[www.timoradventures.com.au/wp-content/uploads/2011/09/copier-150x150.jpg]
[www.timoradventures.com.au/2011/04/“aurora-timor”-the-ice-breaking-motorcycle/index.html]
[www.timoradventures.com.au/wp-content/uploads/2011/09/Life-jackets-150x150.png]
[www.timoradventures.com.au/wp-content/uploads/2011/09/Telupunu-trek-150x150.png]
[www.timoradventures.com.au/wp-content/uploads/2011/09/Evi-150x150.gif]
[www.timoradventures.com.au/wp-content/uploads/2011/09/motorbikes-150x150.gif]
[www.timoradventures.com.au/wp-content/uploads/2011/09/Fact-sheet-Jaco-150x150.png]
[www.timoradventures.com.au/about-2/our-community-work-in-east-timor/index.html]
[www.timoradventures.com.au/wp-json/wp/v2/pages/45.json]
[www.timoradventures.com.au/wp-json/oembed/1.0/embed968e.json]
[www.timoradventures.com.au/index5e74.html]
[www.timoradventures.com.au/wp-json/oembed/1.0/embed2f98]
[www.timoradventures.com.au/east-timor/index.html]
[www.timoradventures.com.au/wp-json/wp/v2/pages/3354.json]
[www.timoradventures.com.au/wp-json/oembed/1.0/embed0d17.json]
[www.timoradventures.com.au/index21b3.html]
[www.timoradventures.com.au/wp-json/oembed/1.0/embed03f1]
[www.timoradventures.com.au/visit/index.html]
[www.timoradventures.com.au/wp-json/wp/v2/pages/2302.json]
[www.timoradventures.com.au/wp-json/oembed/1.0/embed74e9.json]
[www.timoradventures.com.au/index3f0e.html]
[www.timoradventures.com.au/wp-json/oembed/1.0/embedded8]
[www.timoradventures.com.au/wp-content/uploads/2015/11/Timor-quilts.gif]
[www.timoradventures.com.au/wp-content/uploads/2015/11/Photo-1.jpg]
[www.timoradventures.com.au/wp-content/uploads/2015/11/small-Examples-of-quilts-.jpg]
[www.timoradventures.com.au/wp-content/uploads/2015/11/small-Timor-Quilters.jpg]
[www.timoradventures.com.au/wp-content/uploads/2015/11/Small-group.jpg]
[www.timoradventures.com.au/wp-content/uploads/2015/11/small-roz-with-group.jpg]
[www.timoradventures.com.au/wp-content/uploads/2015/11/small-altoandroz.jpg]
[www.timoradventures.com.au/wp-content/uploads/2015/11/Timor-Quilts230a.mp4]
[www.timoradventures.com.au/wp-content/uploads/2015/11/Timor-Quilts.mp4]
[www.timoradventures.com.au/wp-includes/js/mediaelement/mediaelementplayer-legacy.min08e1.css]
[www.timoradventures.com.au/wp-includes/js/mediaelement/wp-mediaelement.min1eb7.css]
[www.timoradventures.com.au/wp-includes/js/mediaelement/mediaelement-migrate.min1eb7.js]
[www.timoradventures.com.au/wp-includes/js/mediaelement/wp-mediaelement.min1eb7.js]
[www.timoradventures.com.au/timor-quilts/index.html]
[www.timoradventures.com.au/wp-includes/js/mediaelement/renderers/vimeo.min08e1.js]
[www.timoradventures.com.au/wp-json/wp/v2/pages/1149.json]
[www.timoradventures.com.au/wp-includes/js/mediaelement/mediaelement-and-player.min08e1.js]
[www.timoradventures.com.au/gallery/feed/index.html]
[www.timoradventures.com.au/wp-json/oembed/1.0/embedb123.json]
[www.timoradventures.com.au/index3f16.html]
[www.timoradventures.com.au/wp-json/oembed/1.0/embedd167]
[live.staticflickr.com/4096/4800652913_d6f7988a19.jpg]
[live.staticflickr.com/4096/4800652913_d6f7988a19_s.jpg]
[live.staticflickr.com/4082/4801285860_e01bd18f69.jpg]
[live.staticflickr.com/4082/4801285860_e01bd18f69_s.jpg]
[live.staticflickr.com/4118/4800652723_c68863af91.jpg]
[live.staticflickr.com/4118/4800652723_c68863af91_s.jpg]
[live.staticflickr.com/4093/4800644101_d9d7650208.jpg]
[live.staticflickr.com/4093/4800644101_d9d7650208_s.jpg]
[live.staticflickr.com/4143/4801277094_1b97cec450.jpg]
[live.staticflickr.com/4143/4801277094_1b97cec450_s.jpg]
[live.staticflickr.com/4077/4800643879_66145b6802.jpg]
[live.staticflickr.com/4077/4800643879_66145b6802_s.jpg]
[live.staticflickr.com/4082/4801276906_e1f2bafc97.jpg]
[live.staticflickr.com/4082/4801276906_e1f2bafc97_s.jpg]
[live.staticflickr.com/4139/4801276824_ce819c7a00.jpg]
[live.staticflickr.com/4139/4801276824_ce819c7a00_s.jpg]
[live.staticflickr.com/4078/4801276688_c7bda9c2f1.jpg]
[live.staticflickr.com/4078/4801276688_c7bda9c2f1_s.jpg]
[live.staticflickr.com/4073/4801276592_1c849834dc.jpg]
[live.staticflickr.com/4073/4801276592_1c849834dc_s.jpg]
[live.staticflickr.com/4136/4800643313_f479617af3.jpg]
[live.staticflickr.com/4136/4800643313_f479617af3_s.jpg]
[live.staticflickr.com/4098/4801276304_46d85abd28.jpg]
[live.staticflickr.com/4098/4801276304_46d85abd28_s.jpg]
[live.staticflickr.com/4096/4800642925_cfff09dc3f.jpg]
[live.staticflickr.com/4096/4800642925_cfff09dc3f_s.jpg]
[live.staticflickr.com/4098/4801275970_65b3cd0c24.jpg]
[live.staticflickr.com/4098/4801275970_65b3cd0c24_s.jpg]
[live.staticflickr.com/4121/4801275850_b5f74984f4.jpg]
[live.staticflickr.com/4121/4801275850_b5f74984f4_s.jpg]
[live.staticflickr.com/4139/4800642503_a80ec21b18.jpg]
[live.staticflickr.com/4139/4800642503_a80ec21b18_s.jpg]
[live.staticflickr.com/4141/4800642365_9b17c921d4.jpg]
[live.staticflickr.com/4141/4800642365_9b17c921d4_s.jpg]
[live.staticflickr.com/4102/4800642223_ec670b8a8d.jpg]
[live.staticflickr.com/4102/4800642223_ec670b8a8d_s.jpg]
[live.staticflickr.com/4135/4800642055_c5b9e4ac2c.jpg]
[live.staticflickr.com/4135/4800642055_c5b9e4ac2c_s.jpg]
[live.staticflickr.com/4115/4800641963_33f8491d8a.jpg]
[live.staticflickr.com/4115/4800641963_33f8491d8a_s.jpg]
[live.staticflickr.com/4078/4800641831_2d22a02c85.jpg]
[live.staticflickr.com/4078/4800641831_2d22a02c85_s.jpg]
[live.staticflickr.com/4116/4801274914_b319e81f04.jpg]
[live.staticflickr.com/4116/4801274914_b319e81f04_s.jpg]
[live.staticflickr.com/4116/4800641647_30b004a90c.jpg]
[live.staticflickr.com/4116/4800641647_30b004a90c_s.jpg]
[live.staticflickr.com/4074/4800641557_f43891749e.jpg]
[live.staticflickr.com/4074/4800641557_f43891749e_s.jpg]
[www.timoradventures.com.au/gallery/index.html]
[www.timoradventures.com.au/wp-json/wp/v2/pages/49.json]
[www.timoradventures.com.au/wp-json/oembed/1.0/embed4c06.json]
[www.timoradventures.com.au/wp-json/oembed/1.0/embed4b81]
[www.timoradventures.com.au/index0012.html]
[www.timoradventures.com.au/wp-includes/css/dashicons.min1eb7.css]
[www.timoradventures.com.au/wp-content/plugins/ninja-forms/assets/css/display-structure1eb7.css]
[www.timoradventures.com.au/wp-includes/js/underscore.minb37e.js]
[www.timoradventures.com.au/wp-includes/js/backbone.min330a.js]
[www.timoradventures.com.au/wp-content/plugins/ninja-forms/assets/js/min/front-end-deps6875.js]
[www.timoradventures.com.au/contact/index.html]
[www.timoradventures.com.au/wp-content/plugins/ninja-forms/assets/js/min/front-end6875.js]
[www.timoradventures.com.au/wp-json/wp/v2/pages/138.json]
[www.timoradventures.com.au/wp-json/oembed/1.0/embed738a.json]
[www.timoradventures.com.au/index1a26.html]
[www.timoradventures.com.au/sitemap/index.html]
[www.timoradventures.com.au/wp-json/oembed/1.0/embedd2d4]
[www.timoradventures.com.au/wp-content/themes/timor/fonts/adellebasic_bold-webfont.svg]
[www.timoradventures.com.au/about-2/testimonials/index.html]
[www.timoradventures.com.au/about-2/magazines-and-media/index.html]
[www.timoradventures.com.au/custom-special/index.html]
[www.timoradventures.com.au/wp-content/plugins/easy-table/images/bg.gif]
[www.timoradventures.com.au/interfet/index.html]
[www.timoradventures.com.au/wp-content/plugins/easy-table/images/asc.gif]
[www.timoradventures.com.au/portuguese-timor-history/index.html]
[www.timoradventures.com.au/wp-content/plugins/easy-table/images/desc.gif]
[www.timoradventures.com.au/wp-content/plugins/easy-table/css/easy-table.css]
[www.timoradventures.com.au/pride/index.html]
[www.timoradventures.com.au/rotary-challenge-tour/index.html]
[www.timoradventures.com.au/rotary-timor-leste-2020-expo/index.html]
[www.timoradventures.com.au/rote-island-escape/index.html]
[www.timoradventures.com.au/wp-json/wp/v2/pages/15240.json]
[www.timoradventures.com.au/taste-of-timor-booking-confirmation/index.html]
[www.timoradventures.com.au/discoveryinn/index.html]
[www.timoradventures.com.au/wp-json/oembed/1.0/embed7f12.json]
[www.timoradventures.com.au/hotelesplanada/index.html]
[www.timoradventures.com.au/timorplazahotel/index.html]
[www.timoradventures.com.au/wp-json/oembed/1.0/embedee93]
[www.timoradventures.com.au/commando-track-reports/index.html]
[www.timoradventures.com.au/terms-and-conditions/index.html]
[www.timoradventures.com.au/thanks-for-your-feedback/index.html]
[www.timoradventures.com.au/thanks-for-your-interest/index.html]
[www.timoradventures.com.au/thanks-for-your-tour-payment/index.html]
[www.timoradventures.com.au/agent/index.html]
[www.timoradventures.com.au/wp-json/wp/v2/pages/1751.json]
[www.timoradventures.com.au/tour-bookings-and-payments/index.html]
[www.timoradventures.com.au/tour-buddies/index.html]
[www.timoradventures.com.au/wp-json/oembed/1.0/embed00c2.json]
[www.timoradventures.com.au/tour-dates/index.html]
[www.timoradventures.com.au/tourdetimor/index.html]
[www.timoradventures.com.au/wp-json/oembed/1.0/embed1ea1]
[www.timoradventures.com.au/tourism-awards/index.html]
[www.timoradventures.com.au/wp-content/uploads/2014/05/Races-tour-long-page-icon1.png]
[www.timoradventures.com.au/tourism-research/index.html]
[www.timoradventures.com.au/tours/timor-1942/index.html]
[www.timoradventures.com.au/wp-content/uploads/2014/05/Green-tour-map-racesL.png]
[www.timoradventures.com.au/index48e2.html]
[www.timoradventures.com.au/wp-content/uploads/2014/05/horse-races-x-darwin-flyer.pdf]
[www.timoradventures.com.au/batuguade-races/index.html]
[www.timoradventures.com.au/batuguade-races/feed/index.html]
[www.timoradventures.com.au/indexf549.html]
[www.timoradventures.com.au/POST.html]
[www.timoradventures.com.au/indexcb30.html]
[www.timoradventures.com.au/indexb8b4.html]
[www.timoradventures.com.au/wp-json/wp/v2/pages/15156.json]
[www.timoradventures.com.au/wp-json/oembed/1.0/embed108d.json]
[www.timoradventures.com.au/index7af4.html]
[www.timoradventures.com.au/wp-json/oembed/1.0/embed8964]
[www.timoradventures.com.au/wp-content/uploads/2011/11/1942-commando-track-in-Timor-2.jpg]
[www.timoradventures.com.au/wp-content/uploads/2011/11/1942-commando-track-in-Timor-2-300x278.jpg]
[www.timoradventures.com.au/wp-content/uploads/2019/06/1942-commando-track-itinerary-and-information.pdf]
[www.timoradventures.com.au/wp-content/uploads/2019/07/Timor-Adventures-1942-commando-trek-tour-information-document.pdf]
[www.timoradventures.com.au/wp-content/uploads/2019/07/Portuguese-Timor-tracks-map-with-key-sites.jpg]
[www.timoradventures.com.au/1942commandotrack/index.html]
[www.timoradventures.com.au/wp-json/wp/v2/pages/1919.json]
[www.timoradventures.com.au/wp-json/oembed/1.0/embedc4bd.json]
[www.timoradventures.com.au/index9567.html]
[www.timoradventures.com.au/wp-json/oembed/1.0/embed56ac]
[www.timoradventures.com.au/wp-content/uploads/2015/01/Day-tours.jpg]
[www.timoradventures.com.au/wp-content/plugins/ninja-forms/assets/css/flatpickr1eb7.css]
[www.timoradventures.com.au/wp-content/plugins/ninja-forms/assets/css/jBox1eb7.css]
[www.timoradventures.com.au/wp-content/plugins/ninja-forms/assets/js/min/front-end--helptext.min6875.js]
[www.timoradventures.com.au/half-day-dili-highlights-tour/index.html]
[www.timoradventures.com.au/wp-json/wp/v2/pages/1689.json]
[www.timoradventures.com.au/wp-json/oembed/1.0/embed6664.json]
[www.timoradventures.com.au/indexe253.html]
[www.timoradventures.com.au/wp-json/oembed/1.0/embedf62b]
[www.timoradventures.com.au/wp-content/uploads/2014/01/Womens-tour.jpg]
[www.timoradventures.com.au/wp-content/uploads/2020/01/Timor-Adventures-Womens-tour-2020-itinerary-1-1.pdf]
[www.timoradventures.com.au/wp-content/plugins/ninja-forms/assets/js/min/front-end--datepicker.min6875.js]
[www.timoradventures.com.au/sitemap/womens-tour/index.html]
[www.timoradventures.com.au/wp-json/wp/v2/pages/2530.json]
[www.timoradventures.com.au/wp-json/oembed/1.0/embed3cf9.json]
[www.timoradventures.com.au/indexb018.html]
[www.timoradventures.com.au/wp-json/oembed/1.0/embedc65a]
[www.timoradventures.com.au/wp-content/uploads/2016/05/Cruise-ships.jpg]
[www.timoradventures.com.au/po-cruises-to-dili-timor-leste/index.html]
[www.timoradventures.com.au/wp-json/wp/v2/pages/151.json]
[www.timoradventures.com.au/tours/motorcycle-tours/feed/index.html]
[www.timoradventures.com.au/wp-json/oembed/1.0/embed137d.json]
[www.timoradventures.com.au/indexe539.html]
[www.timoradventures.com.au/wp-json/oembed/1.0/embedb8b9]
[www.timoradventures.com.au/wp-content/uploads/2010/03/Motorcycle-adventure.jpg]
[www.timoradventures.com.au/wp-content/uploads/2019/04/Verza-with-village-house-guided-motorcycle-tours.jpg]
[www.timoradventures.com.au/wp-content/uploads/2019/04/Verza-with-village-house-guided-motorcycle-tours-300x266.jpg]
[www.timoradventures.com.au/wp-content/uploads/2019/04/3-colours-of-the-honda-verza-and-engine.jpg]
[www.timoradventures.com.au/wp-content/uploads/2019/04/3-colours-of-the-honda-verza-and-engine-300x151.jpg]
[www.timoradventures.com.au/wp-content/uploads/2019/04/Build-your-own-motorcyle-adventure.pdf]
[www.timoradventures.com.au/wp-content/uploads/2010/03/May-2015-Kristie-article.jpg]
[www.timoradventures.com.au/tours/motorcycle-tours/index.html]
[www.timoradventures.com.au/wp-json/wp/v2/pages/1492.json]
[www.timoradventures.com.au/wp-json/oembed/1.0/embed1c99.json]
[www.timoradventures.com.au/index1f6b.html]
[www.timoradventures.com.au/wp-json/oembed/1.0/embedb3a9]
[www.timoradventures.com.au/wp-content/uploads/2012/11/Light-up.jpg]
[www.timoradventures.com.au/wp-content/uploads/2019/03/Light-up-Atrecru-2019.pdf]
[www.timoradventures.com.au/wp-content/uploads/2019/02/Light-us-Atecru-2019.gif]
[www.timoradventures.com.au/wp-content/uploads/2018/07/Renew-article-Light-up-Maucatar-June-2018.pdf]
[www.timoradventures.com.au/wp-content/uploads/2018/07/Light-up-Maucatar-2017.jpg]
[www.timoradventures.com.au/wp-content/uploads/2012/11/light_up_atauro-2013.pdf]
[www.timoradventures.com.au/wp-content/uploads/2012/11/Light-up-Atauro-article.png]
[www.timoradventures.com.au/wp-content/uploads/2010/03/Light-up-Baguia-2015.pdf]
[www.timoradventures.com.au/wp-content/uploads/2012/11/Cover-Light-up-Baguia-2015-.jpg]
[www.timoradventures.com.au/tours/light-up-timor-leste/index.html]
[www.timoradventures.com.au/wp-json/wp/v2/pages/160.json]
[www.timoradventures.com.au/wp-json/oembed/1.0/embede456.json]
[www.timoradventures.com.au/index9c2b.html]
[www.timoradventures.com.au/wp-json/oembed/1.0/embedd108]
[www.timoradventures.com.au/wp-content/uploads/2010/03/Cultural-tours.jpg]
[www.timoradventures.com.au/wp-content/uploads/2010/03/Timor-Adventures-general-Tour-Information-document-2016.pdf]
[www.timoradventures.com.au/wp-content/uploads/2010/03/Timor-Adventures-LDA-4wd-Tour-booking-form-and-terms-and-conditions-2015.pdf]
[www.timoradventures.com.au/tours/itinerary/index.html]
[www.timoradventures.com.au/wp-json/wp/v2/pages/3084.json]
[www.timoradventures.com.au/wp-json/oembed/1.0/embeda97a.json]
[www.timoradventures.com.au/indexcb51.html]
[www.timoradventures.com.au/wp-json/oembed/1.0/embed1e42]
[www.timoradventures.com.au/wp-content/uploads/2018/04/Taste-of-Timor-long-weekend-package.jpg]
[www.timoradventures.com.au/wp-content/uploads/2018/04/Taste-of-Timor-inclusions.gif]
[www.timoradventures.com.au/wp-content/uploads/2018/04/Discovery-Inn-Card-2.jpg]
[www.timoradventures.com.au/wp-content/uploads/2018/04/Taste-of-Timor-Hotel-Esplanada-1.jpg]
[www.timoradventures.com.au/wp-content/uploads/2018/04/Taste-of-Timor-Timor-Plaza-Hotel.jpg]
[www.timoradventures.com.au/wp-content/uploads/2018/04/Enquire-now.gif]
[www.timoradventures.com.au/wp-content/uploads/2018/04/Half-day-tour-with-Timor-Adventures.jpg]
[www.timoradventures.com.au/wp-content/uploads/2018/04/Timor-Adventures-TripAdvisory-rating.gif]
[www.timoradventures.com.au/wp-content/uploads/2018/04/Timor-Adventures-Expert-Guides.jpg]
[www.timoradventures.com.au/wp-content/uploads/2018/04/Airnorth-flights-from-Darwin-to-Dili.jpg]
[www.timoradventures.com.au/wp-content/uploads/2018/04/Citilink-flights-from-Bali-to-Dili.jpg]
[www.timoradventures.com.au/wp-content/uploads/2018/04/Sriwijaya-flights-from-Bali-to-Dili.jpg]
[www.timoradventures.com.au/wp-content/uploads/2018/04/Air-Timor-flights-from-Singapore-to-Dili.jpg]
[www.timoradventures.com.au/wp-content/uploads/2017/09/Check-availability.gif]
[www.timoradventures.com.au/timor-leste-tour-packages/index.html]
[www.timoradventures.com.au/indexbab4.html]
[www.timoradventures.com.au/indexa828.html]
[www.timoradventures.com.au/index6c4a.html]
[www.timoradventures.com.au/2011/04/“aurora-timor”-the-ice-breaking-motorcycle/index.html]
[www.timoradventures.com.au/index5e74.html]
[www.timoradventures.com.au/index21b3.html]
[www.timoradventures.com.au/index3f0e.html]
[www.timoradventures.com.au/wp-content/uploads/2015/11/Timor-Quilts230a.mp4]
[www.timoradventures.com.au/wp-includes/js/mediaelement/mediaelementplayer-legacy.min08e1.css]
[www.timoradventures.com.au/wp-includes/js/mediaelement/wp-mediaelement.min1eb7.css]
[www.timoradventures.com.au/index3f16.html]
[www.timoradventures.com.au/index0012.html]
[www.timoradventures.com.au/wp-content/uploads/2015/11/Timor-Quilts.mp4]
[www.timoradventures.com.au/wp-includes/fonts/dashicons7d4b.eot]
[www.timoradventures.com.au/wp-includes/fonts/dashicons7d4b.ttf]
[www.timoradventures.com.au/wp-includes/css/dashicons.min1eb7.css]
[www.timoradventures.com.au/wp-content/plugins/ninja-forms/assets/img/help-info.png]
[www.timoradventures.com.au/wp-content/plugins/ninja-forms/assets/css/display-structure1eb7.css]
[www.timoradventures.com.au/index1a26.html]
[www.timoradventures.com.au/wp-json/wp/v2/pages/1021.json]
[www.timoradventures.com.au/wp-json/oembed/1.0/embed64f5.json]
[www.timoradventures.com.au/indexfeab.html]
[www.timoradventures.com.au/about-2/testimonials/index.html]
[www.timoradventures.com.au/wp-json/oembed/1.0/embedccce]
[www.timoradventures.com.au/wp-json/wp/v2/pages/649.json]
[www.timoradventures.com.au/wp-json/oembed/1.0/embedc7c5.json]
[www.timoradventures.com.au/index7b0e.html]
[www.timoradventures.com.au/wp-json/oembed/1.0/embed45ca]
[www.timoradventures.com.au/wp-content/uploads/2010/03/Lonely-planet-East_Timor-3r.gif]
[www.timoradventures.com.au/wp-content/uploads/2011/02/AMCN-womens-article-May-2011.pdf]
[www.timoradventures.com.au/wp-content/uploads/2011/02/AMCN-cover-May-2011-221x300.png]
[www.timoradventures.com.au/wp-content/uploads/2011/02/Riding-on-Feb-2011-article.pdf]
[www.timoradventures.com.au/wp-content/uploads/2011/02/Riding-On-February-2011.gif]
[www.timoradventures.com.au/wp-content/uploads/2011/02/ARR-April-2011-228x300.png]
[www.timoradventures.com.au/wp-content/uploads/2011/02/Enjoy-Nov-2010.gif]
[www.timoradventures.com.au/wp-content/uploads/2011/02/2-wheels-article-March-20111.pdf]
[www.timoradventures.com.au/wp-content/uploads/2010/03/President-me-and-Caroline-300x225.jpg]
[www.timoradventures.com.au/wp-content/uploads/2011/02/2-wheels-March-2011-225x300.gif]
[www.timoradventures.com.au/wp-content/uploads/2011/02/Motoaus.jpg]
[www.timoradventures.com.au/wp-content/uploads/2011/02/AMCN-article-Dec-2010.pdf]
[www.timoradventures.com.au/wp-content/uploads/2011/02/AMCN-December-2010-225x300.gif]
[www.timoradventures.com.au/wp-content/uploads/2011/02/ARR-March-2011.pdf]
[www.timoradventures.com.au/wp-content/uploads/2011/02/ARR-March-2011.gif]
[www.timoradventures.com.au/wp-content/uploads/2011/02/Riding-on-May-2010-article.pdf]
[www.timoradventures.com.au/wp-content/uploads/2011/02/Riding-On-May-2010.gif]
[www.timoradventures.com.au/wp-content/uploads/2011/02/Women-Riders-Now.jpg]
[www.timoradventures.com.au/wp-content/uploads/2011/02/Guidepost-May-2010-290x300.jpg]
[www.timoradventures.com.au/wp-content/uploads/2011/02/Timor-culture-and-food-fest1.jpg]
[www.timoradventures.com.au/wp-content/uploads/2011/02/Small-business-mentor-schem.jpg]
[www.timoradventures.com.au/wp-content/uploads/2011/02/Ulysses-AGM-2011.gif]
[www.timoradventures.com.au/wp-content/uploads/2011/02/Broadford-Bike-Bonanza-2011.png]
[www.timoradventures.com.au/wp-content/uploads/2011/02/Broadford-Bike-Bonanza-2011-300x225.png]
[www.timoradventures.com.au/about-2/magazines-and-media/index.html]
[www.timoradventures.com.au/wp-json/wp/v2/pages/1095.json]
[www.timoradventures.com.au/wp-json/oembed/1.0/embed8d62.json]
[www.timoradventures.com.au/index08f3.html]
[www.timoradventures.com.au/wp-json/oembed/1.0/embed161f]
[www.timoradventures.com.au/wp-content/uploads/2014/01/Custom-B.png]
[www.timoradventures.com.au/custom-special/index.html]
[www.timoradventures.com.au/wp-json/wp/v2/pages/15063.json]
[www.timoradventures.com.au/wp-json/oembed/1.0/embed8258.json]
[www.timoradventures.com.au/indexd74e.html]
[www.timoradventures.com.au/wp-json/oembed/1.0/embeda6c5]
[www.timoradventures.com.au/wp-content/uploads/2011/11/INTERFET-20th-Anniversary-motorcycle-tour-23-Sept-2019.jpg]
[www.timoradventures.com.au/wp-content/uploads/2019/07/INTERFET-20th-anniversary-Motorcycle-tour-itinerary-23rd-September-1st-October-2019.pdf]
[www.timoradventures.com.au/wp-content/uploads/2019/04/INTERFET-motorcycle-tour-map.gif]
[www.timoradventures.com.au/interfet/index.html]
[www.timoradventures.com.au/wp-json/wp/v2/pages/2416.json]
[www.timoradventures.com.au/wp-json/oembed/1.0/embed6477.json]
[www.timoradventures.com.au/index1d38.html]
[www.timoradventures.com.au/wp-json/oembed/1.0/embed5ac9]
[www.timoradventures.com.au/wp-content/gallery/portuguese-history/Aria-branca.jpg]
[www.timoradventures.com.au/wp-content/gallery/portuguese-history/thumbs/thumbs_Aria-branca.jpg]
[www.timoradventures.com.au/wp-content/gallery/portuguese-history/Baucau-market.jpg]
[www.timoradventures.com.au/wp-content/gallery/portuguese-history/thumbs/thumbs_Baucau-market.jpg]
[www.timoradventures.com.au/wp-content/gallery/portuguese-history/BNU.jpg]
[www.timoradventures.com.au/wp-content/gallery/portuguese-history/thumbs/thumbs_BNU.jpg]
[www.timoradventures.com.au/wp-content/gallery/portuguese-history/Cadets.jpg]
[www.timoradventures.com.au/wp-content/gallery/portuguese-history/thumbs/thumbs_Cadets.jpg]
[www.timoradventures.com.au/wp-content/gallery/portuguese-history/Cavelry.jpg]
[www.timoradventures.com.au/wp-content/gallery/portuguese-history/thumbs/thumbs_Cavelry.jpg]
[www.timoradventures.com.au/wp-content/gallery/portuguese-history/Coat-of-arms.jpg]
[www.timoradventures.com.au/wp-content/gallery/portuguese-history/thumbs/thumbs_Coat-of-arms.jpg]
[www.timoradventures.com.au/wp-content/gallery/portuguese-history/Dili-from-the-air-1970.jpg]
[www.timoradventures.com.au/wp-content/gallery/portuguese-history/thumbs/thumbs_Dili-from-the-air-1970.jpg]
[www.timoradventures.com.au/wp-content/gallery/portuguese-history/Farming.jpg]
[www.timoradventures.com.au/wp-content/gallery/portuguese-history/thumbs/thumbs_Farming.jpg]
[www.timoradventures.com.au/wp-content/gallery/portuguese-history/Horses.jpg]
[www.timoradventures.com.au/wp-content/gallery/portuguese-history/thumbs/thumbs_Horses.jpg]
[www.timoradventures.com.au/wp-content/gallery/portuguese-history/Parade.jpg]
[www.timoradventures.com.au/wp-content/gallery/portuguese-history/thumbs/thumbs_Parade.jpg]
[www.timoradventures.com.au/wp-content/gallery/portuguese-history/School.jpg]
[www.timoradventures.com.au/wp-content/gallery/portuguese-history/thumbs/thumbs_School.jpg]
[www.timoradventures.com.au/wp-content/gallery/portuguese-history/Ship.jpg]
[www.timoradventures.com.au/wp-content/gallery/portuguese-history/thumbs/thumbs_Ship.jpg]
[www.timoradventures.com.au/wp-content/gallery/portuguese-history/Stamp.jpg]
[www.timoradventures.com.au/wp-content/gallery/portuguese-history/thumbs/thumbs_Stamp.jpg]
[www.timoradventures.com.au/wp-content/gallery/portuguese-history/Traditional-men.jpg]
[www.timoradventures.com.au/wp-content/gallery/portuguese-history/thumbs/thumbs_Traditional-men.jpg]
[www.timoradventures.com.au/wp-content/gallery/portuguese-history/Village.jpg]
[www.timoradventures.com.au/wp-content/gallery/portuguese-history/thumbs/thumbs_Village.jpg]
[www.timoradventures.com.au/wp-content/gallery/portuguese-history/Weaving.jpg]
[www.timoradventures.com.au/wp-content/gallery/portuguese-history/thumbs/thumbs_Weaving.jpg]
[www.timoradventures.com.au/portuguese-timor-history/nggallery/thumbnails.html]
[www.timoradventures.com.au/wp-content/uploads/2016/02/Portuguese-history-ttour-map-300x134.jpg]
[www.timoradventures.com.au/wp-content/plugins/nextgen-gallery/products/photocrati_nextgen/modules/nextgen_basic_gallery/static/slideshow/ngg_basic_slideshow57cf.css]
[www.timoradventures.com.au/wp-content/plugins/nextgen-gallery/products/photocrati_nextgen/modules/nextgen_basic_gallery/static/slideshow/slick/slick57cf.css]
[www.timoradventures.com.au/wp-content/plugins/nextgen-gallery/products/photocrati_nextgen/modules/nextgen_basic_gallery/static/slideshow/slick/slick-theme57cf.css]
[www.timoradventures.com.au/wp-content/plugins/nextgen-gallery/products/photocrati_nextgen/modules/nextgen_gallery_display/static/trigger_buttons57cf.css]
[www.timoradventures.com.au/wp-content/plugins/nextgen-gallery/products/photocrati_nextgen/modules/lightbox/static/fancybox/jquery.fancybox-1.3.457cf.css]
[use.fontawesome.com/releases/v5.3.1/css/v4-shims1eb7.css]
[use.fontawesome.com/releases/v5.3.1/css/all1eb7.css]
[www.timoradventures.com.au/wp-content/plugins/nextgen-gallery/products/photocrati_nextgen/modules/nextgen_basic_gallery/static/slideshow/slick/slick-1.8.0-modded57cf.js]
[www.timoradventures.com.au/wp-content/plugins/nextgen-gallery/products/photocrati_nextgen/modules/ajax/static/ajax.min57cf.js]
[www.timoradventures.com.au/wp-content/plugins/nextgen-gallery/products/photocrati_nextgen/modules/nextgen_gallery_display/static/common57cf.js]
[www.timoradventures.com.au/wp-content/plugins/nextgen-gallery/products/photocrati_nextgen/modules/nextgen_basic_gallery/static/slideshow/ngg_basic_slideshow57cf.js]
[www.timoradventures.com.au/wp-content/plugins/nextgen-gallery/products/photocrati_nextgen/modules/lightbox/static/lightbox_context57cf.js]
[cdnjs.cloudflare.com/ajax/libs/jquery-browser/0.1.0/jquery.browser.min57cf.js]
[www.timoradventures.com.au/wp-content/plugins/nextgen-gallery/products/photocrati_nextgen/modules/lightbox/static/fancybox/jquery.easing-1.3.pack57cf.js]
[www.timoradventures.com.au/wp-content/plugins/nextgen-gallery/products/photocrati_nextgen/modules/lightbox/static/fancybox/jquery.fancybox-1.3.4.pack57cf.js]
[www.timoradventures.com.au/wp-content/plugins/nextgen-gallery/products/photocrati_nextgen/modules/lightbox/static/fancybox/nextgen_fancybox_init57cf.js]
[use.fontawesome.com/releases/v5.3.1/js/v4-shims7923.js]
[www.timoradventures.com.au/portuguese-timor-history/index.html]
[www.timoradventures.com.au/wp-json/wp/v2/pages/7853.json]
[www.timoradventures.com.au/wp-json/oembed/1.0/embedd092.json]
[www.timoradventures.com.au/index3a32.html]
[www.timoradventures.com.au/wp-json/oembed/1.0/embed67b3]
[www.timoradventures.com.au/wp-content/uploads/2011/11/Dili-Pride-20th-July-2018.jpg]
[www.timoradventures.com.au/pride/index.html]
[www.timoradventures.com.au/wp-json/wp/v2/pages/3696.json]
[www.timoradventures.com.au/wp-json/oembed/1.0/embed8e72.json]
[www.timoradventures.com.au/indexb602.html]
[use.fontawesome.com/releases/v5.3.1/js/all7923.js]
[www.timoradventures.com.au/wp-json/oembed/1.0/embedbbd0]
[www.timoradventures.com.au/wp-content/uploads/2019/04/Rotary-tours-2019-1.jpg]
[www.timoradventures.com.au/wp-content/uploads/2019/04/Rotary-Foundation-Timor-Leste-Study-tour-webready.pdf]
[www.timoradventures.com.au/wp-content/uploads/2019/04/Rotary-Foundation-Timor-Leste-Adventure-Challenge-2919-Tour-webready.pdf]
[www.timoradventures.com.au/rotary-challenge-tour/index.html]
[www.timoradventures.com.au/wp-json/wp/v2/pages/15406.json]
[www.timoradventures.com.au/wp-json/oembed/1.0/embed7e8b.json]
[www.timoradventures.com.au/index4a3b.html]
[www.timoradventures.com.au/wp-json/oembed/1.0/embedadd5]
[www.timoradventures.com.au/wp-content/uploads/2011/11/Rotary-Timor-Leste-expo-August-2020.jpg]
[www.timoradventures.com.au/wp-content/uploads/2020/01/Rotary-August-2020-5-day-pre-forum-1-1.pdf]
[www.timoradventures.com.au/wp-content/uploads/2020/01/Rotary-August-2020-3-day-post-forum-1-1.pdf]
[www.timoradventures.com.au/wp-content/uploads/2020/01/Dili-Orientation-Half-Day-Tour_Timor-Adventures.pdf]
[www.timoradventures.com.au/wp-content/uploads/2020/01/Northwest-Panorama-Day-Tour_Timor-Adventures.pdf]
[www.timoradventures.com.au/wp-content/uploads/2020/01/Maubisse-Mountain-Day-Tour_Timor-Adventures.pdf]
[www.timoradventures.com.au/rotary-timor-leste-2020-expo/index.html]
[www.timoradventures.com.au/wp-json/wp/v2/pages/7971.json]
[www.timoradventures.com.au/wp-json/oembed/1.0/embedba76.json]
[www.timoradventures.com.au/index399f.html]
[www.timoradventures.com.au/wp-json/oembed/1.0/embed89b0]
[www.timoradventures.com.au/wp-content/uploads/2011/11/Timor-Adventures-Rote-islan.jpg]
[www.timoradventures.com.au/wp-content/uploads/2011/11/Timor-Adventures-Rote-Island-Escape.pdf]
[www.timoradventures.com.au/rote-island-escape/index.html]
[www.timoradventures.com.au/wp-json/wp/v2/pages/3387.json]
[www.timoradventures.com.au/wp-json/oembed/1.0/embedb4d7.json]
[www.timoradventures.com.au/indexfde6.html]
[www.timoradventures.com.au/wp-json/oembed/1.0/embed15fe]
[www.timoradventures.com.au/wp-content/uploads/2017/11/Taste-of-Timor-banner-1.jpg]
[www.timoradventures.com.au/wp-content/uploads/2017/11/Taste-of-Timor-banner-1-300x105.jpg]
[www.tripadvisor.com.au/img/cdsi/img2/branding/150_logo-11900-2.png]
[www.timoradventures.com.au/taste-of-timor-booking-confirmation/index.html]
[www.timoradventures.com.au/wp-json/wp/v2/pages/3781.json]
[www.timoradventures.com.au/wp-json/oembed/1.0/embed1fba.json]
[www.timoradventures.com.au/index9a2e.html]
[www.timoradventures.com.au/wp-json/oembed/1.0/embede43c]
[www.timoradventures.com.au/wp-content/uploads/2018/05/Taste-of-Timor-Discovery-Inn-2018-TripAdvisor-Award-winner-2018.jpg]
[www.timoradventures.com.au/wp-content/uploads/2018/05/Discovery-Inn-TripAdvisor-2018-certificate-of-excellence.png]
[www.timoradventures.com.au/wp-content/uploads/2018/04/Discovery-Inn-fine-dining-restaurant.jpg]
[www.timoradventures.com.au/wp-content/uploads/2018/04/Discovery-Inn-staff-dedicated-and-friendly.jpg]
[www.timoradventures.com.au/discoveryinn/index.html]
[www.timoradventures.com.au/wp-json/wp/v2/pages/3813.json]
[www.timoradventures.com.au/wp-json/oembed/1.0/embeda865.json]
[www.timoradventures.com.au/indexbd7a.html]
[www.timoradventures.com.au/wp-json/oembed/1.0/embed021c]
[www.timoradventures.com.au/wp-content/uploads/2011/11/Taste-of-Timor-with-the-Hotel-Esplanada.jpg]
[www.timoradventures.com.au/wp-content/uploads/2011/11/Taste-of-Timor-Hotel-Esplanada-rooms-and-pool.jpg]
[www.timoradventures.com.au/wp-content/uploads/2011/11/Taste-of-Timor-Hotel-Esplanada-restaurant.jpg]
[www.timoradventures.com.au/hotelesplanada/index.html]
[www.timoradventures.com.au/wp-json/wp/v2/pages/3804.json]
[www.timoradventures.com.au/indexc2f9.html]
[www.timoradventures.com.au/wp-json/oembed/1.0/embed3a09.json]
[www.timoradventures.com.au/wp-json/oembed/1.0/embed7f89]
[www.timoradventures.com.au/wp-content/uploads/2011/11/Taste-of-Timor-with-the-Timor-Plaza-Hotel.jpg]
[www.timoradventures.com.au/wp-content/uploads/2011/11/Timor-Plaza-Hotel-Excellent-Service.jpg]
[www.timoradventures.com.au/wp-content/uploads/2011/11/Timor-Plaza-Hotel-5th-floor-restaurant-1.jpg]
[www.timoradventures.com.au/timorplazahotel/index.html]
[www.timoradventures.com.au/wp-json/wp/v2/pages/3494.json]
[www.timoradventures.com.au/wp-json/oembed/1.0/embedac7f.json]
[www.timoradventures.com.au/index6a32.html]
[www.timoradventures.com.au/terms-and-conditions/index.html]
[www.timoradventures.com.au/wp-json/oembed/1.0/embed7f7b]
[www.timoradventures.com.au/wp-json/wp/v2/pages/1914.json]
[www.timoradventures.com.au/wp-json/oembed/1.0/embeda0ab.json]
[www.timoradventures.com.au/index5d04.html]
[www.timoradventures.com.au/thanks-for-your-feedback/index.html]
[www.timoradventures.com.au/wp-json/oembed/1.0/embed661f]
[www.timoradventures.com.au/wp-json/wp/v2/pages/3748.json]
[www.timoradventures.com.au/indexf8c3.html]
[www.timoradventures.com.au/wp-json/oembed/1.0/embeda114.json]
[www.timoradventures.com.au/wp-json/oembed/1.0/embeddc8d]
[www.timoradventures.com.au/wp-content/uploads/2018/04/Taste-of-Timor-long-weekend.jpg]
[www.timoradventures.com.au/thanks-for-your-interest/index.html]
[www.timoradventures.com.au/wp-json/wp/v2/pages/7897.json]
[www.timoradventures.com.au/wp-json/oembed/1.0/embedd3db.json]
[www.timoradventures.com.au/indexc2f6.html]
[www.timoradventures.com.au/wp-json/oembed/1.0/embed811f]
[www.timoradventures.com.au/thanks-for-your-tour-payment/index.html]
[www.timoradventures.com.au/wp-json/wp/v2/pages/4011.json]
[www.timoradventures.com.au/wp-json/oembed/1.0/embede1ba.json]
[www.timoradventures.com.au/indexf7b7.html]
[www.timoradventures.com.au/agent/index.html]
[www.timoradventures.com.au/wp-json/oembed/1.0/embedf5a9]
[www.timoradventures.com.au/wp-json/wp/v2/pages/1121.json]
[www.timoradventures.com.au/wp-json/oembed/1.0/embed1bfd.json]
[www.timoradventures.com.au/indexe7ac.html]
[www.timoradventures.com.au/wp-json/oembed/1.0/embed7b57]
[www.paypalobjects.com/en_AU/i/btn/btn_buynowCC_LG.gif]
[www.paypalobjects.com/en_AU/i/scr/pixel.gif]
[www.timoradventures.com.au/tour-bookings-and-payments/index.html]
[www.timoradventures.com.au/wp-json/wp/v2/pages/3234.json]
[www.timoradventures.com.au/indexe694.html]
[www.timoradventures.com.au/wp-json/oembed/1.0/embedb55a.json]
[www.timoradventures.com.au/wp-json/oembed/1.0/embed729d]
[www.timoradventures.com.au/wp-content/uploads/2011/11/Tour-buddies.jpg]
[www.timoradventures.com.au/tour-buddies/index.html]
[www.timoradventures.com.au/tour-dates/feed/index.html]
[www.timoradventures.com.au/wp-json/wp/v2/pages/1377.json]
[www.timoradventures.com.au/index91ff.html]
[www.timoradventures.com.au/wp-json/oembed/1.0/embededc6.json]
[www.timoradventures.com.au/tour-dates/index.html]
[www.timoradventures.com.au/wp-json/oembed/1.0/embedf31b]
[www.timoradventures.com.au/wp-json/wp/v2/pages/7925.json]
[www.timoradventures.com.au/wp-json/oembed/1.0/embedf7ea.json]
[www.timoradventures.com.au/index27d0.html]
[www.timoradventures.com.au/wp-json/oembed/1.0/embed6294]
[www.timoradventures.com.au/wp-content/uploads/2018/07/Banner-for-the-Tour-de-Timor-2018-1.jpg]
[www.timoradventures.com.au/tourdetimor/index.html]
[www.timoradventures.com.au/wp-json/wp/v2/pages/1850.json]
[www.timoradventures.com.au/tourism-awards/feed/index.html]
[www.timoradventures.com.au/wp-json/oembed/1.0/embedeae5.json]
[www.timoradventures.com.au/indexe7a1.html]
[www.timoradventures.com.au/wp-json/oembed/1.0/embedcefd]
[www.timoradventures.com.au/wp-content/uploads/2014/12/Tourism-award-banner.jpg]
[www.timoradventures.com.au/wp-content/uploads/2014/12/Uma-Luri-award.jpg]
[www.timoradventures.com.au/wp-content/uploads/2014/12/Photo-uma-Luri.jpg]
[www.timoradventures.com.au/wp-content/uploads/2014/12/Photo-walking-tour-award.jpg]
[www.timoradventures.com.au/wp-content/uploads/2014/12/Walking-tour-award.jpg]
[www.timoradventures.com.au/tourism-awards/index.html]
[www.timoradventures.com.au/wp-json/wp/v2/pages/2383.json]
[www.timoradventures.com.au/wp-json/oembed/1.0/embed4a5c.json]
[www.timoradventures.com.au/index160e.html]
[www.timoradventures.com.au/wp-json/oembed/1.0/embedc886]
[www.timoradventures.com.au/wp-content/uploads/2011/11/Tourism-research.jpg]
[www.timoradventures.com.au/wp-content/uploads/2016/02/Frmework-300x292.png]
[www.timoradventures.com.au/tourism-research/index.html]
[www.timoradventures.com.au/wp-json/wp/v2/pages/1669.json]
[www.timoradventures.com.au/index3d80.html]
[www.timoradventures.com.au/wp-json/oembed/1.0/embed07c6.json]
[www.timoradventures.com.au/wp-json/oembed/1.0/embed828a]
[i.ytimg.com/vi/quisMMLJRFo/default.jpg]
[www.timoradventures.com.au/tours/timor-1942/index.html]
[www.timoradventures.com.au/index48e2.html]
[www.timoradventures.com.au/indexf549.html]
[www.timoradventures.com.au/index7af4.html]
[www.timoradventures.com.au/index9567.html]
[www.timoradventures.com.au/wp-content/plugins/ninja-forms/assets/css/flatpickr1eb7.css]
[www.timoradventures.com.au/wp-content/plugins/ninja-forms/assets/css/jBox1eb7.css]
[www.timoradventures.com.au/indexe253.html]
[www.timoradventures.com.au/indexb018.html]
[www.timoradventures.com.au/indexe539.html]
[www.timoradventures.com.au/index1f6b.html]
[www.timoradventures.com.au/index9c2b.html]
[www.timoradventures.com.au/indexcb51.html]
[www.timoradventures.com.au/wp-content/uploads/2015/11/Timor-Quilts230a.mp4]
[www.timoradventures.com.au/wp-includes/js/mediaelement/mejs-controls.svg]
[www.timoradventures.com.au/indexfeab.html]
[www.timoradventures.com.au/index7b0e.html]
[www.timoradventures.com.au/index08f3.html]
[www.timoradventures.com.au/indexd74e.html]
[www.timoradventures.com.au/index1d38.html]
[www.timoradventures.com.au/portuguese-timor-history/nggallery/slideshow.html]
[www.timoradventures.com.au/wp-content/plugins/nextgen-gallery/products/photocrati_nextgen/modules/nextgen_basic_gallery/static/thumbnails/nextgen_basic_thumbnails57cf.css]
[www.timoradventures.com.au/wp-content/plugins/nextgen-gallery/products/photocrati_nextgen/modules/nextgen_pagination/static/style57cf.css]
[www.timoradventures.com.au/wp-content/plugins/nextgen-gallery/products/photocrati_nextgen/modules/nextgen_basic_gallery/static/thumbnails/nextgen_basic_thumbnails57cf.js]
[www.timoradventures.com.au/portuguese-timor-history/nggallery/thumbnails.html]
[www.timoradventures.com.au/wp-content/plugins/nextgen-gallery/products/photocrati_nextgen/modules/nextgen_basic_gallery/static/slideshow/ngg_basic_slideshow57cf.css]
[www.timoradventures.com.au/wp-content/plugins/nextgen-gallery/products/photocrati_nextgen/modules/nextgen_basic_gallery/static/slideshow/slick/slick57cf.css]
[www.timoradventures.com.au/wp-content/plugins/nextgen-gallery/products/photocrati_nextgen/modules/nextgen_basic_gallery/static/slideshow/slick/ajax-loader.gif]
[www.timoradventures.com.au/wp-content/plugins/nextgen-gallery/products/photocrati_nextgen/modules/nextgen_basic_gallery/static/slideshow/slick/fonts/slick.eot]
[www.timoradventures.com.au/wp-content/plugins/nextgen-gallery/products/photocrati_nextgen/modules/nextgen_basic_gallery/static/slideshow/slick/fonts/slickd41d.eot]
[www.timoradventures.com.au/wp-content/plugins/nextgen-gallery/products/photocrati_nextgen/modules/nextgen_basic_gallery/static/slideshow/slick/fonts/slick.woff]
[www.timoradventures.com.au/wp-content/plugins/nextgen-gallery/products/photocrati_nextgen/modules/nextgen_basic_gallery/static/slideshow/slick/fonts/slick.ttf]
[www.timoradventures.com.au/wp-content/plugins/nextgen-gallery/products/photocrati_nextgen/modules/nextgen_basic_gallery/static/slideshow/slick/slick-theme57cf.css]
[www.timoradventures.com.au/wp-content/plugins/nextgen-gallery/products/photocrati_nextgen/modules/nextgen_gallery_display/static/trigger_buttons57cf.css]
[www.timoradventures.com.au/wp-content/plugins/nextgen-gallery/products/photocrati_nextgen/modules/lightbox/static/fancybox/fancybox.png]
[www.timoradventures.com.au/wp-content/plugins/nextgen-gallery/products/photocrati_nextgen/modules/lightbox/static/fancybox/blank.gif]
[www.timoradventures.com.au/wp-content/plugins/nextgen-gallery/products/photocrati_nextgen/modules/lightbox/static/fancybox/fancybox-x.png]
[www.timoradventures.com.au/wp-content/plugins/nextgen-gallery/products/photocrati_nextgen/modules/lightbox/static/fancybox/fancybox-y.png]
[www.timoradventures.com.au/wp-content/plugins/nextgen-gallery/products/photocrati_nextgen/modules/lightbox/static/fancybox/fancy_title_over.png]
[www.timoradventures.com.au/wp-content/plugins/nextgen-gallery/products/photocrati_nextgen/modules/lightbox/static/fancybox/fancybox/fancy_close.png]
[www.timoradventures.com.au/wp-content/plugins/nextgen-gallery/products/photocrati_nextgen/modules/lightbox/static/fancybox/fancybox/fancy_nav_left.png]
[www.timoradventures.com.au/wp-content/plugins/nextgen-gallery/products/photocrati_nextgen/modules/lightbox/static/fancybox/fancybox/fancy_nav_right.png]
[www.timoradventures.com.au/wp-content/plugins/nextgen-gallery/products/photocrati_nextgen/modules/lightbox/static/fancybox/fancybox/fancy_title_over.png]
[www.timoradventures.com.au/wp-content/plugins/nextgen-gallery/products/photocrati_nextgen/modules/lightbox/static/fancybox/fancybox/fancy_title_left.png]
[www.timoradventures.com.au/wp-content/plugins/nextgen-gallery/products/photocrati_nextgen/modules/lightbox/static/fancybox/fancybox/fancy_title_main.png]
[www.timoradventures.com.au/wp-content/plugins/nextgen-gallery/products/photocrati_nextgen/modules/lightbox/static/fancybox/fancybox/fancy_title_right.png]
[www.timoradventures.com.au/wp-content/plugins/nextgen-gallery/products/photocrati_nextgen/modules/lightbox/static/fancybox/fancybox/fancy_loading.png]
[www.timoradventures.com.au/wp-content/plugins/nextgen-gallery/products/photocrati_nextgen/modules/lightbox/static/fancybox/fancybox/fancy_shadow_n.png]
[www.timoradventures.com.au/wp-content/plugins/nextgen-gallery/products/photocrati_nextgen/modules/lightbox/static/fancybox/fancybox/fancy_shadow_ne.png]
[www.timoradventures.com.au/wp-content/plugins/nextgen-gallery/products/photocrati_nextgen/modules/lightbox/static/fancybox/fancybox/fancy_shadow_e.png]
[www.timoradventures.com.au/wp-content/plugins/nextgen-gallery/products/photocrati_nextgen/modules/lightbox/static/fancybox/fancybox/fancy_shadow_se.png]
[www.timoradventures.com.au/wp-content/plugins/nextgen-gallery/products/photocrati_nextgen/modules/lightbox/static/fancybox/fancybox/fancy_shadow_s.png]
[www.timoradventures.com.au/wp-content/plugins/nextgen-gallery/products/photocrati_nextgen/modules/lightbox/static/fancybox/fancybox/fancy_shadow_sw.png]
[www.timoradventures.com.au/wp-content/plugins/nextgen-gallery/products/photocrati_nextgen/modules/lightbox/static/fancybox/fancybox/fancy_shadow_w.png]
[www.timoradventures.com.au/wp-content/plugins/nextgen-gallery/products/photocrati_nextgen/modules/lightbox/static/fancybox/fancybox/fancy_shadow_nw.png]
[www.timoradventures.com.au/wp-content/plugins/nextgen-gallery/products/photocrati_nextgen/modules/lightbox/static/fancybox/jquery.fancybox-1.3.457cf.css]
[use.fontawesome.com/releases/v5.3.1/css/v4-shims1eb7.css]
[use.fontawesome.com/releases/v5.3.1/css/all1eb7.css]
[www.timoradventures.com.au/index3a32.html]
[www.timoradventures.com.au/indexb602.html]
[www.timoradventures.com.au/index4a3b.html]
[www.timoradventures.com.au/index399f.html]
[www.timoradventures.com.au/indexfde6.html]
[www.timoradventures.com.au/index9a2e.html]
[www.timoradventures.com.au/indexbd7a.html]
[www.timoradventures.com.au/indexc2f9.html]
[www.timoradventures.com.au/index6a32.html]
[www.timoradventures.com.au/index5d04.html]
[www.timoradventures.com.au/indexf8c3.html]
[www.timoradventures.com.au/indexc2f6.html]
[www.timoradventures.com.au/indexf7b7.html]
[www.timoradventures.com.au/indexe7ac.html]
[www.timoradventures.com.au/indexe694.html]
[www.timoradventures.com.au/index91ff.html]
[www.timoradventures.com.au/index27d0.html]
[www.timoradventures.com.au/indexe7a1.html]
[www.timoradventures.com.au/index160e.html]
[www.timoradventures.com.au/index3d80.html]
[www.timoradventures.com.au/portuguese-timor-history/nggallery/slideshow.html]
[www.timoradventures.com.au/wp-content/plugins/nextgen-gallery/products/photocrati_nextgen/modules/nextgen_basic_gallery/static/thumbnails/nextgen_basic_thumbnails57cf.css]
[www.timoradventures.com.au/wp-content/plugins/nextgen-gallery/products/photocrati_nextgen/modules/nextgen_pagination/static/style57cf.css]
[www.timoradventures.com.au/wp-content/plugins/nextgen-gallery/products/photocrati_nextgen/modules/nextgen_basic_gallery/static/slideshow/slick/fonts/slick.svg]
[www.timoradventures.com.au/wp-content/plugins/nextgen-gallery/products/photocrati_nextgen/modules/lightbox/static/fancybox/fancybox/fancy_close.html]
[www.timoradventures.com.au/wp-content/plugins/nextgen-gallery/products/photocrati_nextgen/modules/lightbox/static/fancybox/fancybox/fancy_nav_left.html]
[www.timoradventures.com.au/wp-content/plugins/nextgen-gallery/products/photocrati_nextgen/modules/lightbox/static/fancybox/fancybox/fancy_nav_right.html]
[www.timoradventures.com.au/wp-content/plugins/nextgen-gallery/products/photocrati_nextgen/modules/lightbox/static/fancybox/fancybox/fancy_title_over.html]
[www.timoradventures.com.au/wp-content/plugins/nextgen-gallery/products/photocrati_nextgen/modules/lightbox/static/fancybox/fancybox/fancy_title_left.html]
[www.timoradventures.com.au/wp-content/plugins/nextgen-gallery/products/photocrati_nextgen/modules/lightbox/static/fancybox/fancybox/fancy_title_main.html]
[www.timoradventures.com.au/wp-content/plugins/nextgen-gallery/products/photocrati_nextgen/modules/lightbox/static/fancybox/fancybox/fancy_title_right.html]
[www.timoradventures.com.au/wp-content/plugins/nextgen-gallery/products/photocrati_nextgen/modules/lightbox/static/fancybox/fancybox/fancy_loading.html]
[www.timoradventures.com.au/wp-content/plugins/nextgen-gallery/products/photocrati_nextgen/modules/lightbox/static/fancybox/fancybox/fancy_shadow_n.html]
[www.timoradventures.com.au/wp-content/plugins/nextgen-gallery/products/photocrati_nextgen/modules/lightbox/static/fancybox/fancybox/fancy_shadow_ne.html]
[www.timoradventures.com.au/wp-content/plugins/nextgen-gallery/products/photocrati_nextgen/modules/lightbox/static/fancybox/fancybox/fancy_shadow_e.html]
[www.timoradventures.com.au/wp-content/plugins/nextgen-gallery/products/photocrati_nextgen/modules/lightbox/static/fancybox/fancybox/fancy_shadow_se.html]
[www.timoradventures.com.au/wp-content/plugins/nextgen-gallery/products/photocrati_nextgen/modules/lightbox/static/fancybox/fancybox/fancy_shadow_s.html]
[www.timoradventures.com.au/wp-content/plugins/nextgen-gallery/products/photocrati_nextgen/modules/lightbox/static/fancybox/fancybox/fancy_shadow_sw.html]
[www.timoradventures.com.au/wp-content/plugins/nextgen-gallery/products/photocrati_nextgen/modules/lightbox/static/fancybox/fancybox/fancy_shadow_w.html]
[www.timoradventures.com.au/wp-content/plugins/nextgen-gallery/products/photocrati_nextgen/modules/lightbox/static/fancybox/fancybox/fancy_shadow_nw.html]
[www.motorcyclerides.com.au/wp-content/uploads/2010/07/MotorcycleRides_Signature.png]
